{"/Users/grantabel/Documents/Epicodus/Week 5/Wk5 CR/src/js/planetyears.js": {"path":"/Users/grantabel/Documents/Epicodus/Week 5/Wk5 CR/src/js/planetyears.js","statementMap":{"0":{"start":{"line":10,"column":4},"end":{"line":10,"column":40}},"1":{"start":{"line":13,"column":4},"end":{"line":13,"column":29}},"2":{"start":{"line":19,"column":2},"end":{"line":19,"column":36}},"3":{"start":{"line":22,"column":2},"end":{"line":22,"column":25}},"4":{"start":{"line":28,"column":2},"end":{"line":28,"column":35}},"5":{"start":{"line":31,"column":2},"end":{"line":31,"column":24}},"6":{"start":{"line":37,"column":2},"end":{"line":37,"column":39}},"7":{"start":{"line":40,"column":2},"end":{"line":40,"column":27}},"8":{"start":{"line":47,"column":2},"end":{"line":47,"column":27}},"9":{"start":{"line":50,"column":2},"end":{"line":50,"column":23}},"10":{"start":{"line":56,"column":4},"end":{"line":56,"column":34}},"11":{"start":{"line":59,"column":4},"end":{"line":59,"column":30}},"12":{"start":{"line":62,"column":27},"end":{"line":62,"column":31}},"13":{"start":{"line":63,"column":4},"end":{"line":63,"column":47}},"14":{"start":{"line":69,"column":2},"end":{"line":69,"column":32}},"15":{"start":{"line":72,"column":2},"end":{"line":72,"column":28}},"16":{"start":{"line":75,"column":26},"end":{"line":75,"column":30}},"17":{"start":{"line":76,"column":2},"end":{"line":76,"column":46}},"18":{"start":{"line":82,"column":2},"end":{"line":82,"column":32}},"19":{"start":{"line":85,"column":2},"end":{"line":85,"column":28}},"20":{"start":{"line":88,"column":27},"end":{"line":88,"column":31}},"21":{"start":{"line":89,"column":22},"end":{"line":89,"column":57}},"22":{"start":{"line":90,"column":4},"end":{"line":90,"column":44}},"23":{"start":{"line":96,"column":2},"end":{"line":96,"column":32}},"24":{"start":{"line":99,"column":2},"end":{"line":99,"column":28}},"25":{"start":{"line":102,"column":30},"end":{"line":102,"column":35}},"26":{"start":{"line":103,"column":25},"end":{"line":103,"column":63}},"27":{"start":{"line":104,"column":4},"end":{"line":104,"column":47}},"28":{"start":{"line":111,"column":2},"end":{"line":111,"column":27}},"29":{"start":{"line":114,"column":2},"end":{"line":114,"column":23}},"30":{"start":{"line":120,"column":4},"end":{"line":120,"column":29}},"31":{"start":{"line":123,"column":4},"end":{"line":123,"column":25}},"32":{"start":{"line":126,"column":27},"end":{"line":126,"column":31}},"33":{"start":{"line":127,"column":25},"end":{"line":127,"column":55}},"34":{"start":{"line":128,"column":4},"end":{"line":128,"column":47}},"35":{"start":{"line":134,"column":4},"end":{"line":134,"column":29}},"36":{"start":{"line":137,"column":4},"end":{"line":137,"column":25}},"37":{"start":{"line":140,"column":28},"end":{"line":140,"column":32}},"38":{"start":{"line":141,"column":26},"end":{"line":141,"column":57}},"39":{"start":{"line":142,"column":4},"end":{"line":142,"column":48}},"40":{"start":{"line":148,"column":4},"end":{"line":148,"column":29}},"41":{"start":{"line":151,"column":4},"end":{"line":151,"column":25}},"42":{"start":{"line":154,"column":27},"end":{"line":154,"column":31}},"43":{"start":{"line":155,"column":25},"end":{"line":155,"column":55}},"44":{"start":{"line":156,"column":4},"end":{"line":156,"column":47}},"45":{"start":{"line":162,"column":4},"end":{"line":162,"column":29}},"46":{"start":{"line":165,"column":4},"end":{"line":165,"column":25}},"47":{"start":{"line":168,"column":30},"end":{"line":168,"column":35}},"48":{"start":{"line":169,"column":28},"end":{"line":169,"column":61}},"49":{"start":{"line":170,"column":4},"end":{"line":170,"column":50}}},"fnMap":{"0":{"name":"(anonymous_0)","decl":{"start":{"line":9,"column":2},"end":{"line":9,"column":3}},"loc":{"start":{"line":9,"column":24},"end":{"line":11,"column":3}},"line":9},"1":{"name":"(anonymous_1)","decl":{"start":{"line":12,"column":2},"end":{"line":12,"column":3}},"loc":{"start":{"line":12,"column":18},"end":{"line":14,"column":3}},"line":12},"2":{"name":"(anonymous_2)","decl":{"start":{"line":18,"column":1},"end":{"line":18,"column":2}},"loc":{"start":{"line":18,"column":23},"end":{"line":20,"column":2}},"line":18},"3":{"name":"(anonymous_3)","decl":{"start":{"line":21,"column":1},"end":{"line":21,"column":2}},"loc":{"start":{"line":21,"column":15},"end":{"line":23,"column":2}},"line":21},"4":{"name":"(anonymous_4)","decl":{"start":{"line":27,"column":1},"end":{"line":27,"column":2}},"loc":{"start":{"line":27,"column":23},"end":{"line":29,"column":2}},"line":27},"5":{"name":"(anonymous_5)","decl":{"start":{"line":30,"column":1},"end":{"line":30,"column":2}},"loc":{"start":{"line":30,"column":14},"end":{"line":32,"column":2}},"line":30},"6":{"name":"(anonymous_6)","decl":{"start":{"line":36,"column":1},"end":{"line":36,"column":2}},"loc":{"start":{"line":36,"column":23},"end":{"line":38,"column":2}},"line":36},"7":{"name":"(anonymous_7)","decl":{"start":{"line":39,"column":1},"end":{"line":39,"column":2}},"loc":{"start":{"line":39,"column":17},"end":{"line":41,"column":2}},"line":39},"8":{"name":"(anonymous_8)","decl":{"start":{"line":46,"column":1},"end":{"line":46,"column":2}},"loc":{"start":{"line":46,"column":23},"end":{"line":48,"column":2}},"line":46},"9":{"name":"(anonymous_9)","decl":{"start":{"line":49,"column":1},"end":{"line":49,"column":2}},"loc":{"start":{"line":49,"column":15},"end":{"line":51,"column":2}},"line":49},"10":{"name":"(anonymous_10)","decl":{"start":{"line":55,"column":2},"end":{"line":55,"column":3}},"loc":{"start":{"line":55,"column":24},"end":{"line":57,"column":3}},"line":55},"11":{"name":"(anonymous_11)","decl":{"start":{"line":58,"column":2},"end":{"line":58,"column":3}},"loc":{"start":{"line":58,"column":16},"end":{"line":60,"column":3}},"line":58},"12":{"name":"(anonymous_12)","decl":{"start":{"line":61,"column":2},"end":{"line":61,"column":3}},"loc":{"start":{"line":61,"column":20},"end":{"line":64,"column":3}},"line":61},"13":{"name":"(anonymous_13)","decl":{"start":{"line":68,"column":1},"end":{"line":68,"column":2}},"loc":{"start":{"line":68,"column":23},"end":{"line":70,"column":2}},"line":68},"14":{"name":"(anonymous_14)","decl":{"start":{"line":71,"column":1},"end":{"line":71,"column":2}},"loc":{"start":{"line":71,"column":15},"end":{"line":73,"column":2}},"line":71},"15":{"name":"(anonymous_15)","decl":{"start":{"line":74,"column":1},"end":{"line":74,"column":2}},"loc":{"start":{"line":74,"column":20},"end":{"line":77,"column":2}},"line":74},"16":{"name":"(anonymous_16)","decl":{"start":{"line":81,"column":1},"end":{"line":81,"column":2}},"loc":{"start":{"line":81,"column":23},"end":{"line":83,"column":2}},"line":81},"17":{"name":"(anonymous_17)","decl":{"start":{"line":84,"column":1},"end":{"line":84,"column":2}},"loc":{"start":{"line":84,"column":15},"end":{"line":86,"column":2}},"line":84},"18":{"name":"(anonymous_18)","decl":{"start":{"line":87,"column":1},"end":{"line":87,"column":2}},"loc":{"start":{"line":87,"column":19},"end":{"line":91,"column":3}},"line":87},"19":{"name":"(anonymous_19)","decl":{"start":{"line":95,"column":1},"end":{"line":95,"column":2}},"loc":{"start":{"line":95,"column":23},"end":{"line":97,"column":2}},"line":95},"20":{"name":"(anonymous_20)","decl":{"start":{"line":98,"column":1},"end":{"line":98,"column":2}},"loc":{"start":{"line":98,"column":15},"end":{"line":100,"column":2}},"line":98},"21":{"name":"(anonymous_21)","decl":{"start":{"line":101,"column":1},"end":{"line":101,"column":2}},"loc":{"start":{"line":101,"column":22},"end":{"line":105,"column":3}},"line":101},"22":{"name":"(anonymous_22)","decl":{"start":{"line":110,"column":1},"end":{"line":110,"column":2}},"loc":{"start":{"line":110,"column":23},"end":{"line":112,"column":2}},"line":110},"23":{"name":"(anonymous_23)","decl":{"start":{"line":113,"column":1},"end":{"line":113,"column":2}},"loc":{"start":{"line":113,"column":15},"end":{"line":115,"column":2}},"line":113},"24":{"name":"(anonymous_24)","decl":{"start":{"line":119,"column":2},"end":{"line":119,"column":3}},"loc":{"start":{"line":119,"column":24},"end":{"line":121,"column":3}},"line":119},"25":{"name":"(anonymous_25)","decl":{"start":{"line":122,"column":2},"end":{"line":122,"column":3}},"loc":{"start":{"line":122,"column":16},"end":{"line":124,"column":3}},"line":122},"26":{"name":"(anonymous_26)","decl":{"start":{"line":125,"column":2},"end":{"line":125,"column":3}},"loc":{"start":{"line":125,"column":22},"end":{"line":129,"column":3}},"line":125},"27":{"name":"(anonymous_27)","decl":{"start":{"line":133,"column":2},"end":{"line":133,"column":3}},"loc":{"start":{"line":133,"column":24},"end":{"line":135,"column":3}},"line":133},"28":{"name":"(anonymous_28)","decl":{"start":{"line":136,"column":2},"end":{"line":136,"column":3}},"loc":{"start":{"line":136,"column":16},"end":{"line":138,"column":3}},"line":136},"29":{"name":"(anonymous_29)","decl":{"start":{"line":139,"column":2},"end":{"line":139,"column":3}},"loc":{"start":{"line":139,"column":23},"end":{"line":143,"column":3}},"line":139},"30":{"name":"(anonymous_30)","decl":{"start":{"line":147,"column":2},"end":{"line":147,"column":3}},"loc":{"start":{"line":147,"column":24},"end":{"line":149,"column":3}},"line":147},"31":{"name":"(anonymous_31)","decl":{"start":{"line":150,"column":2},"end":{"line":150,"column":3}},"loc":{"start":{"line":150,"column":16},"end":{"line":152,"column":3}},"line":150},"32":{"name":"(anonymous_32)","decl":{"start":{"line":153,"column":2},"end":{"line":153,"column":3}},"loc":{"start":{"line":153,"column":22},"end":{"line":157,"column":3}},"line":153},"33":{"name":"(anonymous_33)","decl":{"start":{"line":161,"column":2},"end":{"line":161,"column":3}},"loc":{"start":{"line":161,"column":24},"end":{"line":163,"column":3}},"line":161},"34":{"name":"(anonymous_34)","decl":{"start":{"line":164,"column":2},"end":{"line":164,"column":3}},"loc":{"start":{"line":164,"column":16},"end":{"line":166,"column":3}},"line":164},"35":{"name":"(anonymous_35)","decl":{"start":{"line":167,"column":2},"end":{"line":167,"column":3}},"loc":{"start":{"line":167,"column":25},"end":{"line":171,"column":3}},"line":167}},"branchMap":{},"s":{"0":1,"1":1,"2":1,"3":1,"4":1,"5":1,"6":1,"7":1,"8":1,"9":1,"10":1,"11":1,"12":1,"13":1,"14":1,"15":1,"16":1,"17":1,"18":1,"19":1,"20":1,"21":1,"22":1,"23":1,"24":1,"25":1,"26":1,"27":1,"28":1,"29":1,"30":1,"31":1,"32":1,"33":1,"34":1,"35":1,"36":1,"37":1,"38":1,"39":1,"40":1,"41":1,"42":1,"43":1,"44":1,"45":1,"46":1,"47":1,"48":1,"49":1},"f":{"0":1,"1":1,"2":1,"3":1,"4":1,"5":1,"6":1,"7":1,"8":1,"9":1,"10":1,"11":1,"12":1,"13":1,"14":1,"15":1,"16":1,"17":1,"18":1,"19":1,"20":1,"21":1,"22":1,"23":1,"24":1,"25":1,"26":1,"27":1,"28":1,"29":1,"30":1,"31":1,"32":1,"33":1,"34":1,"35":1},"b":{},"_coverageSchema":"1a1c01bbd47fc00a2c39e90264f33305004495a9","hash":"1672b9713199ff0c74ca8660f460bb93ef823942"}
}
