TN:
SF:src/js/planetyears.js
FN:9,(anonymous_0)
FN:12,(anonymous_1)
FN:18,(anonymous_2)
FN:21,(anonymous_3)
FN:27,(anonymous_4)
FN:30,(anonymous_5)
FN:36,(anonymous_6)
FN:39,(anonymous_7)
FN:46,(anonymous_8)
FN:49,(anonymous_9)
FN:55,(anonymous_10)
FN:58,(anonymous_11)
FN:61,(anonymous_12)
FN:68,(anonymous_13)
FN:71,(anonymous_14)
FN:74,(anonymous_15)
FN:81,(anonymous_16)
FN:84,(anonymous_17)
FN:87,(anonymous_18)
FN:95,(anonymous_19)
FN:98,(anonymous_20)
FN:101,(anonymous_21)
FN:110,(anonymous_22)
FN:113,(anonymous_23)
FN:119,(anonymous_24)
FN:122,(anonymous_25)
FN:125,(anonymous_26)
FN:133,(anonymous_27)
FN:136,(anonymous_28)
FN:139,(anonymous_29)
FN:147,(anonymous_30)
FN:150,(anonymous_31)
FN:153,(anonymous_32)
FN:161,(anonymous_33)
FN:164,(anonymous_34)
FN:167,(anonymous_35)
FNF:36
FNH:36
FNDA:1,(anonymous_0)
FNDA:1,(anonymous_1)
FNDA:1,(anonymous_2)
FNDA:1,(anonymous_3)
FNDA:1,(anonymous_4)
FNDA:1,(anonymous_5)
FNDA:1,(anonymous_6)
FNDA:1,(anonymous_7)
FNDA:1,(anonymous_8)
FNDA:1,(anonymous_9)
FNDA:1,(anonymous_10)
FNDA:1,(anonymous_11)
FNDA:1,(anonymous_12)
FNDA:1,(anonymous_13)
FNDA:1,(anonymous_14)
FNDA:1,(anonymous_15)
FNDA:1,(anonymous_16)
FNDA:1,(anonymous_17)
FNDA:1,(anonymous_18)
FNDA:1,(anonymous_19)
FNDA:1,(anonymous_20)
FNDA:1,(anonymous_21)
FNDA:1,(anonymous_22)
FNDA:1,(anonymous_23)
FNDA:1,(anonymous_24)
FNDA:1,(anonymous_25)
FNDA:1,(anonymous_26)
FNDA:1,(anonymous_27)
FNDA:1,(anonymous_28)
FNDA:1,(anonymous_29)
FNDA:1,(anonymous_30)
FNDA:1,(anonymous_31)
FNDA:1,(anonymous_32)
FNDA:1,(anonymous_33)
FNDA:1,(anonymous_34)
FNDA:1,(anonymous_35)
DA:10,1
DA:13,1
DA:19,1
DA:22,1
DA:28,1
DA:31,1
DA:37,1
DA:40,1
DA:47,1
DA:50,1
DA:56,1
DA:59,1
DA:62,1
DA:63,1
DA:69,1
DA:72,1
DA:75,1
DA:76,1
DA:82,1
DA:85,1
DA:88,1
DA:89,1
DA:90,1
DA:96,1
DA:99,1
DA:102,1
DA:103,1
DA:104,1
DA:111,1
DA:114,1
DA:120,1
DA:123,1
DA:126,1
DA:127,1
DA:128,1
DA:134,1
DA:137,1
DA:140,1
DA:141,1
DA:142,1
DA:148,1
DA:151,1
DA:154,1
DA:155,1
DA:156,1
DA:162,1
DA:165,1
DA:168,1
DA:169,1
DA:170,1
LF:50
LH:50
BRF:0
BRH:0
end_of_record
